<?xml version="1.0" encoding="UTF-8"?>
<testng-results ignored="0" total="1" passed="1" failed="0" skipped="0">
  <reporter-output>
  </reporter-output>
  <suite started-at="2024-06-21T17:24:08 IST" name="Default suite" finished-at="2024-06-21T17:24:36 IST" duration-ms="27494">
    <groups>
      <group name="SmokeSuite">
        <method signature="CreateContactTest.createContactWithMandatoryFields()[pri:0, instance:contactsTests.CreateContactTest@4135c3b]" name="createContactWithMandatoryFields" class="contactsTests.CreateContactTest"/>
      </group> <!-- SmokeSuite -->
    </groups>
    <test started-at="2024-06-21T17:24:08 IST" name="Default test" finished-at="2024-06-21T17:24:36 IST" duration-ms="27494">
      <class name="contactsTests.CreateContactTest">
        <test-method is-config="true" signature="bsConfig()[pri:0, instance:contactsTests.CreateContactTest@4135c3b]" started-at="2024-06-21T17:24:08 IST" name="bsConfig" finished-at="2024-06-21T17:24:08 IST" duration-ms="12" status="PASS">
          <reporter-output>
          </reporter-output>
        </test-method> <!-- bsConfig -->
        <test-method is-config="true" signature="bcConfig()[pri:0, instance:contactsTests.CreateContactTest@4135c3b]" started-at="2024-06-21T17:24:09 IST" name="bcConfig" finished-at="2024-06-21T17:24:13 IST" duration-ms="4595" status="PASS">
          <reporter-output>
          </reporter-output>
        </test-method> <!-- bcConfig -->
        <test-method is-config="true" signature="bmConfig()[pri:0, instance:contactsTests.CreateContactTest@4135c3b]" started-at="2024-06-21T17:24:13 IST" name="bmConfig" finished-at="2024-06-21T17:24:17 IST" duration-ms="4145" status="PASS">
          <reporter-output>
          </reporter-output>
        </test-method> <!-- bmConfig -->
        <test-method signature="createContactWithMandatoryFields()[pri:0, instance:contactsTests.CreateContactTest@4135c3b]" started-at="2024-06-21T17:24:17 IST" name="createContactWithMandatoryFields" finished-at="2024-06-21T17:24:32 IST" duration-ms="14865" status="PASS">
          <reporter-output>
          </reporter-output>
        </test-method> <!-- createContactWithMandatoryFields -->
        <test-method is-config="true" signature="amConfig()[pri:0, instance:contactsTests.CreateContactTest@4135c3b]" started-at="2024-06-21T17:24:32 IST" name="amConfig" finished-at="2024-06-21T17:24:35 IST" duration-ms="3114" status="PASS">
          <reporter-output>
          </reporter-output>
        </test-method> <!-- amConfig -->
        <test-method is-config="true" signature="acConfig()[pri:0, instance:contactsTests.CreateContactTest@4135c3b]" started-at="2024-06-21T17:24:35 IST" name="acConfig" finished-at="2024-06-21T17:24:36 IST" duration-ms="336" status="PASS">
          <reporter-output>
          </reporter-output>
        </test-method> <!-- acConfig -->
        <test-method is-config="true" signature="asConfig()[pri:0, instance:contactsTests.CreateContactTest@4135c3b]" started-at="2024-06-21T17:24:37 IST" name="asConfig" finished-at="2024-06-21T17:24:37 IST" duration-ms="7" status="PASS">
          <reporter-output>
          </reporter-output>
        </test-method> <!-- asConfig -->
      </class> <!-- contactsTests.CreateContactTest -->
    </test> <!-- Default test -->
  </suite> <!-- Default suite -->
</testng-results>
